2022-09-26 21:48:17,598 INFO org.springframework.boot.StartupInfoLogger [restartedMain] Starting DemoApplication using Java 1.8.0_144 on DESKTOP-MP2IN30 with PID 10040 (C:\Users\Lenovo\Downloads\demo\target\classes started by Lenovo in C:\Users\Lenovo\Downloads\demo)
2022-09-26 21:48:17,605 INFO org.springframework.boot.SpringApplication [restartedMain] No active profile set, falling back to default profiles: default
2022-09-26 21:48:17,720 INFO org.springframework.boot.logging.DeferredLog [restartedMain] Devtools property defaults active! Set 'spring.devtools.add-properties' to 'false' to disable
2022-09-26 21:48:17,721 INFO org.springframework.boot.logging.DeferredLog [restartedMain] For additional web related logging consider setting the 'logging.level.web' property to 'DEBUG'
2022-09-26 21:48:19,184 INFO org.springframework.boot.web.embedded.tomcat.TomcatWebServer [restartedMain] Tomcat initialized with port(s): 8080 (http)
2022-09-26 21:48:19,196 INFO org.apache.juli.logging.DirectJDKLog [restartedMain] Initializing ProtocolHandler ["http-nio-8080"]
2022-09-26 21:48:19,197 INFO org.apache.juli.logging.DirectJDKLog [restartedMain] Starting service [Tomcat]
2022-09-26 21:48:19,198 INFO org.apache.juli.logging.DirectJDKLog [restartedMain] Starting Servlet engine: [Apache Tomcat/9.0.41]
2022-09-26 21:48:19,314 INFO org.apache.juli.logging.DirectJDKLog [restartedMain] Initializing Spring embedded WebApplicationContext
2022-09-26 21:48:19,314 INFO org.springframework.boot.web.servlet.context.ServletWebServerApplicationContext [restartedMain] Root WebApplicationContext: initialization completed in 1590 ms
2022-09-26 21:48:19,559 INFO org.springframework.scheduling.concurrent.ExecutorConfigurationSupport [restartedMain] Initializing ExecutorService 'applicationTaskExecutor'
2022-09-26 21:48:19,804 INFO org.springframework.boot.devtools.autoconfigure.OptionalLiveReloadServer [restartedMain] LiveReload server is running on port 35729
2022-09-26 21:48:19,838 INFO org.apache.juli.logging.DirectJDKLog [restartedMain] Starting ProtocolHandler ["http-nio-8080"]
2022-09-26 21:48:19,881 INFO org.springframework.boot.web.embedded.tomcat.TomcatWebServer [restartedMain] Tomcat started on port(s): 8080 (http) with context path ''
2022-09-26 21:48:19,899 INFO org.springframework.boot.StartupInfoLogger [restartedMain] Started DemoApplication in 3.178 seconds (JVM running for 5.302)
2022-09-26 21:48:48,686 INFO org.apache.juli.logging.DirectJDKLog [http-nio-8080-exec-1] Initializing Spring DispatcherServlet 'dispatcherServlet'
2022-09-26 21:48:48,687 INFO org.springframework.web.servlet.FrameworkServlet [http-nio-8080-exec-1] Initializing Servlet 'dispatcherServlet'
2022-09-26 21:48:48,688 INFO org.springframework.web.servlet.FrameworkServlet [http-nio-8080-exec-1] Completed initialization in 1 ms
2022-09-26 21:48:48,739 INFO com.paz.demo.controller.Categories [http-nio-8080-exec-1] list of category
2022-09-26 21:48:50,395 INFO com.paz.demo.controller.Categories [http-nio-8080-exec-4] list of category
2022-09-26 21:48:50,582 INFO com.paz.demo.controller.Categories [http-nio-8080-exec-5] list of category
2022-09-26 21:48:50,725 INFO com.paz.demo.controller.Categories [http-nio-8080-exec-6] list of category
2022-09-26 21:49:18,308 INFO com.paz.demo.controller.Categories [http-nio-8080-exec-10] list of category
2022-09-26 21:49:18,453 INFO com.paz.demo.controller.Categories [http-nio-8080-exec-9] list of category
2022-09-26 21:49:18,658 INFO com.paz.demo.controller.Categories [http-nio-8080-exec-1] list of category
2022-09-26 21:49:18,924 INFO com.paz.demo.controller.Categories [http-nio-8080-exec-3] list of category
2022-09-26 21:49:19,021 INFO com.paz.demo.controller.Categories [http-nio-8080-exec-2] list of category
2022-09-26 21:51:39,789 INFO org.springframework.scheduling.concurrent.ExecutorConfigurationSupport [SpringContextShutdownHook] Shutting down ExecutorService 'applicationTaskExecutor'
